#
# A fatal error has been detected by the Java Runtime Environment:
#
#  EXCEPTION_ACCESS_VIOLATION (0xc0000005) at pc=0x0000000068a681c5, pid=1132, tid=8040
#
# JRE version: Java(TM) SE Runtime Environment (8.0_51-b16) (build 1.8.0_51-b16)
# Java VM: Java HotSpot(TM) 64-Bit Server VM (25.51-b03 mixed mode windows-amd64 compressed oops)
# Problematic frame:
# V  [jvm.dll+0x1281c5]
#
# Failed to write core dump. Minidumps are not enabled by default on client versions of Windows
#
# If you would like to submit a bug report, please visit:
#   http://bugreport.java.com/bugreport/crash.jsp
#

---------------  T H R E A D  ---------------

Current thread (0x0000000019ce5000):  JavaThread "JDWP Transport Listener: dt_socket" daemon [_thread_in_vm, id=8040, stack(0x000000001b500000,0x000000001b600000)]

siginfo: ExceptionCode=0xc0000005, reading address 0xffffffffffffffff

Registers:
RAX=0x000000001b5ff701, RBX=0x0000000019ce5000, RCX=0x614d5f003b79003b, RDX=0x0000000000000000
RSP=0x000000001b5ff760, RBP=0x614d5f003b79003b, RSI=0x000000001b5ff878, RDI=0x000000000290e580
R8 =0x0000000019ce5000, R9 =0x0000000000008000, R10=0x0000000000000000, R11=0x000000001ba62732
R12=0x0000000000000000, R13=0x0000000019cd87c8, R14=0x0000000000000000, R15=0x0000000000000000
RIP=0x0000000068a681c5, EFLAGS=0x0000000000010202

Top of Stack: (sp=0x000000001b5ff760)
0x000000001b5ff760:   0000000019ce5000 0000000019ce5000
0x000000001b5ff770:   000000001b5ff828 0000000068c6c72b
0x000000001b5ff780:   0000000019ce5000 0000000068c88f8d
0x000000001b5ff790:   0000000000000000 0000000067df9155
0x000000001b5ff7a0:   0000000020a09540 0000000067e0291e
0x000000001b5ff7b0:   0000000019ce5000 0000000000000000
0x000000001b5ff7c0:   0000000000000000 0000000000000000
0x000000001b5ff7d0:   614d5f003b79003b 0000000067e01a15
0x000000001b5ff7e0:   000000001b5ff878 000000001b5ff850
0x000000001b5ff7f0:   0000000000000001 0000000020a09540
0x000000001b5ff800:   614d5f003b79003b 0000000067de53b3
0x000000001b5ff810:   000000001b5ff940 0000000000000001
0x000000001b5ff820:   0000000000000001 0000000020a09540
0x000000001b5ff830:   0000000000000002 0000000000000000
0x000000001b5ff840:   0000000000000000 0000000000000000
0x000000001b5ff850:   0000000000000001 0000000067de5571 

Instructions: (pc=0x0000000068a681c5)
0x0000000068a681a5:   cc cc cc cc cc cc cc cc cc cc cc 48 83 ec 28 48
0x0000000068a681b5:   85 c9 75 07 33 c0 48 83 c4 28 c3 48 89 5c 24 20
0x0000000068a681c5:   48 8b 19 48 85 db 74 20 48 83 fb 37 74 1a 48 8b
0x0000000068a681d5:   13 48 8b cb ff 52 10 84 c0 74 0d 48 8b c3 48 8b 


Register to memory mapping:

RAX=0x000000001b5ff701 is pointing into the stack for thread: 0x0000000019ce5000
RBX=0x0000000019ce5000 is a thread
RCX=0x614d5f003b79003b is an unknown value
RDX=0x0000000000000000 is an unknown value
RSP=0x000000001b5ff760 is pointing into the stack for thread: 0x0000000019ce5000
RBP=0x614d5f003b79003b is an unknown value
RSI=0x000000001b5ff878 is pointing into the stack for thread: 0x0000000019ce5000
RDI=0x000000000290e580 is an unknown value
R8 =0x0000000019ce5000 is a thread
R9 =0x0000000000008000 is an unknown value
R10=0x0000000000000000 is an unknown value
R11=0x000000001ba62732 is an unknown value
R12=0x0000000000000000 is an unknown value
R13=0x0000000019cd87c8 is an unknown value
R14=0x0000000000000000 is an unknown value
R15=0x0000000000000000 is an unknown value


Stack: [0x000000001b500000,0x000000001b600000],  sp=0x000000001b5ff760,  free space=1021k
Native frames: (J=compiled Java code, j=interpreted, Vv=VM code, C=native code)
V  [jvm.dll+0x1281c5]
V  [jvm.dll+0x348f8d]
C  [jdwp.dll+0x21a15]
C  [jdwp.dll+0x53b3]
C  [jdwp.dll+0x5571]
C  [jdwp.dll+0xf0a8]
C  [jdwp.dll+0x1f2d5]
C  [jdwp.dll+0x1f4aa]
V  [jvm.dll+0x1bae78]
V  [jvm.dll+0x2418a4]
V  [jvm.dll+0x29846a]
C  [msvcr100.dll+0x21d9f]
C  [msvcr100.dll+0x21e3b]
C  [KERNEL32.DLL+0x13d2]
C  [ntdll.dll+0x703c4]


---------------  P R O C E S S  ---------------

Java Threads: ( => current thread )
  0x00000000208c6800 JavaThread "DestroyJavaVM" [_thread_blocked, id=7216, stack(0x0000000002a10000,0x0000000002b10000)]
  0x00000000208c5000 JavaThread "http-nio-7979-Acceptor" daemon [_thread_in_native, id=6092, stack(0x0000000022b70000,0x0000000022c70000)]
  0x00000000208c7800 JavaThread "http-nio-7979-ClientPoller" daemon [_thread_in_native, id=3104, stack(0x0000000022a70000,0x0000000022b70000)]
  0x00000000208c4800 JavaThread "http-nio-7979-exec-10" daemon [_thread_blocked, id=500, stack(0x0000000022970000,0x0000000022a70000)]
  0x000000001dd71000 JavaThread "http-nio-7979-exec-9" daemon [_thread_blocked, id=8452, stack(0x0000000022870000,0x0000000022970000)]
  0x000000001dd70000 JavaThread "http-nio-7979-exec-8" daemon [_thread_blocked, id=7604, stack(0x0000000022770000,0x0000000022870000)]
  0x000000001dd72800 JavaThread "http-nio-7979-exec-7" daemon [_thread_blocked, id=9064, stack(0x0000000022670000,0x0000000022770000)]
  0x000000001dd6f800 JavaThread "http-nio-7979-exec-6" daemon [_thread_blocked, id=8900, stack(0x0000000022570000,0x0000000022670000)]
  0x000000001dd71800 JavaThread "http-nio-7979-exec-5" daemon [_thread_blocked, id=6852, stack(0x0000000022470000,0x0000000022570000)]
  0x000000001dd6b800 JavaThread "http-nio-7979-exec-4" daemon [_thread_blocked, id=7060, stack(0x0000000022370000,0x0000000022470000)]
  0x000000001dd6e000 JavaThread "http-nio-7979-exec-3" daemon [_thread_blocked, id=8484, stack(0x0000000022270000,0x0000000022370000)]
  0x000000001dd6d000 JavaThread "http-nio-7979-exec-2" daemon [_thread_blocked, id=3664, stack(0x0000000022170000,0x0000000022270000)]
  0x000000001dd6e800 JavaThread "http-nio-7979-exec-1" daemon [_thread_blocked, id=8332, stack(0x0000000022070000,0x0000000022170000)]
  0x000000001dd6c800 JavaThread "http-nio-7979-BlockPoller" daemon [_thread_in_native, id=9112, stack(0x000000001fda0000,0x000000001fea0000)]
  0x000000001dda3000 JavaThread "HikariPool-1 housekeeper" daemon [_thread_blocked, id=284, stack(0x000000001fba0000,0x000000001fca0000)]
  0x000000001dda0000 JavaThread "container-0" [_thread_blocked, id=7440, stack(0x000000001f8a0000,0x000000001f9a0000)]
  0x000000001dd43000 JavaThread "Catalina-utility-2" [_thread_in_vm, id=4772, stack(0x000000001f7a0000,0x000000001f8a0000)]
  0x000000001dd42000 JavaThread "Catalina-utility-1" [_thread_blocked, id=3424, stack(0x000000001d4d0000,0x000000001d5d0000)]
  0x000000001c3a2800 JavaThread "JMX server connection timeout 19" daemon [_thread_blocked, id=8072, stack(0x000000001d1d0000,0x000000001d2d0000)]
  0x000000001c3a9800 JavaThread "RMI Scheduler(0)" daemon [_thread_blocked, id=4444, stack(0x000000001d0d0000,0x000000001d1d0000)]
  0x000000001c29d000 JavaThread "RMI TCP Connection(idle)" daemon [_thread_blocked, id=9132, stack(0x000000001cc00000,0x000000001cd00000)]
  0x000000001c1af000 JavaThread "RMI TCP Accept-0" daemon [_thread_in_native, id=8964, stack(0x000000001ca00000,0x000000001cb00000)]
  0x000000001c117800 JavaThread "RMI TCP Accept-53227" daemon [_thread_in_native, id=5556, stack(0x000000001c900000,0x000000001ca00000)]
  0x000000001c175800 JavaThread "RMI TCP Accept-0" daemon [_thread_in_native, id=7232, stack(0x000000001c800000,0x000000001c900000)]
  0x000000001b94d000 JavaThread "Service Thread" daemon [_thread_blocked, id=8852, stack(0x000000001bf00000,0x000000001c000000)]
  0x0000000019d2c800 JavaThread "C1 CompilerThread2" daemon [_thread_blocked, id=9048, stack(0x000000001be00000,0x000000001bf00000)]
  0x0000000019d2b800 JavaThread "C2 CompilerThread1" daemon [_thread_blocked, id=6120, stack(0x000000001bd00000,0x000000001be00000)]
  0x0000000019cf9800 JavaThread "C2 CompilerThread0" daemon [_thread_blocked, id=4572, stack(0x000000001b800000,0x000000001b900000)]
  0x0000000019cec800 JavaThread "JDWP Command Reader" daemon [_thread_in_native, id=4496, stack(0x000000001b700000,0x000000001b800000)]
  0x0000000019ceb000 JavaThread "JDWP Event Helper Thread" daemon [_thread_blocked, id=8732, stack(0x000000001b600000,0x000000001b700000)]
=>0x0000000019ce5000 JavaThread "JDWP Transport Listener: dt_socket" daemon [_thread_in_vm, id=8040, stack(0x000000001b500000,0x000000001b600000)]
  0x0000000019cd2800 JavaThread "Attach Listener" daemon [_thread_blocked, id=8548, stack(0x000000001b120000,0x000000001b220000)]
  0x0000000019cd1800 JavaThread "Signal Dispatcher" daemon [_thread_blocked, id=7392, stack(0x000000001b020000,0x000000001b120000)]
  0x0000000002c0b000 JavaThread "Finalizer" daemon [_thread_blocked, id=2564, stack(0x000000001af20000,0x000000001b020000)]
  0x0000000002c02000 JavaThread "Reference Handler" daemon [_thread_blocked, id=8680, stack(0x000000001ae20000,0x000000001af20000)]

Other Threads:
  0x0000000019c98000 VMThread [stack: 0x000000001ad20000,0x000000001ae20000] [id=7936]
  0x000000001c1b0000 WatcherThread [stack: 0x000000001cb00000,0x000000001cc00000] [id=8228]

VM state:not at safepoint (normal execution)

VM Mutex/Monitor currently owned by a thread: None

Heap:
 PSYoungGen      total 175104K, used 168223K [0x0000000780700000, 0x000000078cc00000, 0x00000007c0000000)
  eden space 163328K, 95% used [0x0000000780700000,0x0000000789fe11a0,0x000000078a680000)
  from space 11776K, 99% used [0x000000078c080000,0x000000078cbe6bc8,0x000000078cc00000)
  to   space 15360K, 0% used [0x000000078ae00000,0x000000078ae00000,0x000000078bd00000)
 ParOldGen       total 127488K, used 18343K [0x0000000701400000, 0x0000000709080000, 0x0000000780700000)
  object space 127488K, 14% used [0x0000000701400000,0x00000007025e9f90,0x0000000709080000)
 Metaspace       used 55107K, capacity 57676K, committed 57856K, reserved 1099776K
  class space    used 7653K, capacity 8109K, committed 8192K, reserved 1048576K

Card table byte_map: [0x0000000011fd0000,0x00000000125d0000] byte_map_base: 0x000000000e7c6000

Marking Bits: (ParMarkBitMap*) 0x0000000069144040
 Begin Bits: [0x0000000012dd0000, 0x0000000015d80000)
 End Bits:   [0x0000000015d80000, 0x0000000018d30000)

Polling page: 0x0000000000ff0000

CodeCache: size=245760Kb used=9210Kb max_used=9281Kb free=236549Kb
 bounds [0x0000000002c10000, 0x0000000003530000, 0x0000000011c10000]
 total_blobs=5040 nmethods=4480 adapters=480
 compilation: enabled

Compilation events (10 events):
Event: 429.770 Thread 0x0000000019d2c800 4590   !   1       org.apache.catalina.core.ContainerBase::getClusterInternal (38 bytes)
Event: 429.772 Thread 0x0000000019d2c800 nmethod 4590 0x00000000032e5250 code [0x00000000032e5400, 0x00000000032e5718]
Event: 436.902 Thread 0x0000000019d2c800 4591       1       java.util.concurrent.SynchronousQueue$TransferStack::shouldSpin (30 bytes)
Event: 436.902 Thread 0x0000000019d2c800 nmethod 4591 0x0000000002f2e4d0 code [0x0000000002f2e620, 0x0000000002f2e770]
Event: 439.768 Thread 0x0000000019d2c800 4593   !   1       org.apache.catalina.core.ContainerBase::backgroundProcess (168 bytes)
Event: 439.771 Thread 0x0000000019d2c800 nmethod 4593 0x0000000002eae410 code [0x0000000002eae640, 0x0000000002eaeee8]
Event: 439.772 Thread 0x0000000019d2c800 4592   !   1       org.apache.catalina.core.ContainerBase$ContainerBackgroundProcessor::processChildren (191 bytes)
Event: 439.775 Thread 0x0000000019d2c800 nmethod 4592 0x000000000320ad10 code [0x000000000320afa0, 0x000000000320bc88]
Event: 439.775 Thread 0x0000000019d2c800 4594       1       org.apache.catalina.core.StandardWrapper::getServlet (5 bytes)
Event: 439.775 Thread 0x0000000019d2c800 nmethod 4594 0x00000000030f2950 code [0x00000000030f2aa0, 0x00000000030f2bb0]

GC Heap History (10 events):
Event: 6.232 GC heap before
{Heap before GC invocations=6 (full 1):
 PSYoungGen      total 82432K, used 82151K [0x0000000780700000, 0x0000000787500000, 0x00000007c0000000)
  eden space 76288K, 100% used [0x0000000780700000,0x0000000785180000,0x0000000785180000)
  from space 6144K, 95% used [0x0000000786f00000,0x00000007874b9ce8,0x0000000787500000)
  to   space 8192K, 0% used [0x0000000786500000,0x0000000786500000,0x0000000786d00000)
 ParOldGen       total 78336K, used 6152K [0x0000000701400000, 0x0000000706080000, 0x0000000780700000)
  object space 78336K, 7% used [0x0000000701400000,0x0000000701a020f8,0x0000000706080000)
 Metaspace       used 24479K, capacity 25470K, committed 25728K, reserved 1071104K
  class space    used 3361K, capacity 3606K, committed 3712K, reserved 1048576K
Event: 6.261 GC heap after
Heap after GC invocations=6 (full 1):
 PSYoungGen      total 104448K, used 7426K [0x0000000780700000, 0x0000000788d80000, 0x00000007c0000000)
  eden space 96256K, 0% used [0x0000000780700000,0x0000000780700000,0x0000000786500000)
  from space 8192K, 90% used [0x0000000786500000,0x0000000786c40be0,0x0000000786d00000)
  to   space 10240K, 0% used [0x0000000788380000,0x0000000788380000,0x0000000788d80000)
 ParOldGen       total 78336K, used 6160K [0x0000000701400000, 0x0000000706080000, 0x0000000780700000)
  object space 78336K, 7% used [0x0000000701400000,0x0000000701a040f8,0x0000000706080000)
 Metaspace       used 24479K, capacity 25470K, committed 25728K, reserved 1071104K
  class space    used 3361K, capacity 3606K, committed 3712K, reserved 1048576K
}
Event: 8.325 GC heap before
{Heap before GC invocations=7 (full 1):
 PSYoungGen      total 104448K, used 103625K [0x0000000780700000, 0x0000000788d80000, 0x00000007c0000000)
  eden space 96256K, 99% used [0x0000000780700000,0x00000007864f1880,0x0000000786500000)
  from space 8192K, 90% used [0x0000000786500000,0x0000000786c40be0,0x0000000786d00000)
  to   space 10240K, 0% used [0x0000000788380000,0x0000000788380000,0x0000000788d80000)
 ParOldGen       total 78336K, used 6160K [0x0000000701400000, 0x0000000706080000, 0x0000000780700000)
  object space 78336K, 7% used [0x0000000701400000,0x0000000701a040f8,0x0000000706080000)
 Metaspace       used 29389K, capacity 30856K, committed 30976K, reserved 1075200K
  class space    used 4011K, capacity 4301K, committed 4352K, reserved 1048576K
Event: 8.359 GC heap after
Heap after GC invocations=7 (full 1):
 PSYoungGen      total 124928K, used 10229K [0x0000000780700000, 0x000000078ad80000, 0x00000007c0000000)
  eden space 114688K, 0% used [0x0000000780700000,0x0000000780700000,0x0000000787700000)
  from space 10240K, 99% used [0x0000000788380000,0x0000000788d7d4d8,0x0000000788d80000)
  to   space 12800K, 0% used [0x0000000787700000,0x0000000787700000,0x0000000788380000)
 ParOldGen       total 78336K, used 7950K [0x0000000701400000, 0x0000000706080000, 0x0000000780700000)
  object space 78336K, 10% used [0x0000000701400000,0x0000000701bc3910,0x0000000706080000)
 Metaspace       used 29389K, capacity 30856K, committed 30976K, reserved 1075200K
  class space    used 4011K, capacity 4301K, committed 4352K, reserved 1048576K
}
Event: 9.559 GC heap before
{Heap before GC invocations=8 (full 1):
 PSYoungGen      total 124928K, used 49298K [0x0000000780700000, 0x000000078ad80000, 0x00000007c0000000)
  eden space 114688K, 34% used [0x0000000780700000,0x0000000782d274b0,0x0000000787700000)
  from space 10240K, 99% used [0x0000000788380000,0x0000000788d7d4d8,0x0000000788d80000)
  to   space 12800K, 0% used [0x0000000787700000,0x0000000787700000,0x0000000788380000)
 ParOldGen       total 78336K, used 7950K [0x0000000701400000, 0x0000000706080000, 0x0000000780700000)
  object space 78336K, 10% used [0x0000000701400000,0x0000000701bc3910,0x0000000706080000)
 Metaspace       used 33792K, capacity 35364K, committed 35456K, reserved 1079296K
  class space    used 4432K, capacity 4721K, committed 4736K, reserved 1048576K
Event: 9.603 GC heap after
Heap after GC invocations=8 (full 1):
 PSYoungGen      total 127488K, used 12783K [0x0000000780700000, 0x000000078cf00000, 0x00000007c0000000)
  eden space 114688K, 0% used [0x0000000780700000,0x0000000780700000,0x0000000787700000)
  from space 12800K, 99% used [0x0000000787700000,0x000000078837bd00,0x0000000788380000)
  to   space 14848K, 0% used [0x000000078c080000,0x000000078c080000,0x000000078cf00000)
 ParOldGen       total 78336K, used 8511K [0x0000000701400000, 0x0000000706080000, 0x0000000780700000)
  object space 78336K, 10% used [0x0000000701400000,0x0000000701c4fe78,0x0000000706080000)
 Metaspace       used 33792K, capacity 35364K, committed 35456K, reserved 1079296K
  class space    used 4432K, capacity 4721K, committed 4736K, reserved 1048576K
}
Event: 9.603 GC heap before
{Heap before GC invocations=9 (full 2):
 PSYoungGen      total 127488K, used 12783K [0x0000000780700000, 0x000000078cf00000, 0x00000007c0000000)
  eden space 114688K, 0% used [0x0000000780700000,0x0000000780700000,0x0000000787700000)
  from space 12800K, 99% used [0x0000000787700000,0x000000078837bd00,0x0000000788380000)
  to   space 14848K, 0% used [0x000000078c080000,0x000000078c080000,0x000000078cf00000)
 ParOldGen       total 78336K, used 8511K [0x0000000701400000, 0x0000000706080000, 0x0000000780700000)
  object space 78336K, 10% used [0x0000000701400000,0x0000000701c4fe78,0x0000000706080000)
 Metaspace       used 33792K, capacity 35364K, committed 35456K, reserved 1079296K
  class space    used 4432K, capacity 4721K, committed 4736K, reserved 1048576K
Event: 9.815 GC heap after
Heap after GC invocations=9 (full 2):
 PSYoungGen      total 127488K, used 0K [0x0000000780700000, 0x000000078cf00000, 0x00000007c0000000)
  eden space 114688K, 0% used [0x0000000780700000,0x0000000780700000,0x0000000787700000)
  from space 12800K, 0% used [0x0000000787700000,0x0000000787700000,0x0000000788380000)
  to   space 14848K, 0% used [0x000000078c080000,0x000000078c080000,0x000000078cf00000)
 ParOldGen       total 127488K, used 18335K [0x0000000701400000, 0x0000000709080000, 0x0000000780700000)
  object space 127488K, 14% used [0x0000000701400000,0x00000007025e7f90,0x0000000709080000)
 Metaspace       used 33792K, capacity 35364K, committed 35456K, reserved 1079296K
  class space    used 4432K, capacity 4721K, committed 4736K, reserved 1048576K
}
Event: 12.761 GC heap before
{Heap before GC invocations=10 (full 2):
 PSYoungGen      total 127488K, used 114688K [0x0000000780700000, 0x000000078cf00000, 0x00000007c0000000)
  eden space 114688K, 100% used [0x0000000780700000,0x0000000787700000,0x0000000787700000)
  from space 12800K, 0% used [0x0000000787700000,0x0000000787700000,0x0000000788380000)
  to   space 14848K, 0% used [0x000000078c080000,0x000000078c080000,0x000000078cf00000)
 ParOldGen       total 127488K, used 18335K [0x0000000701400000, 0x0000000709080000, 0x0000000780700000)
  object space 127488K, 14% used [0x0000000701400000,0x00000007025e7f90,0x0000000709080000)
 Metaspace       used 44385K, capacity 46118K, committed 46592K, reserved 1089536K
  class space    used 6171K, capacity 6538K, committed 6656K, reserved 1048576K
Event: 12.783 GC heap after
Heap after GC invocations=10 (full 2):
 PSYoungGen      total 175104K, used 11674K [0x0000000780700000, 0x000000078cc00000, 0x00000007c0000000)
  eden space 163328K, 0% used [0x0000000780700000,0x0000000780700000,0x000000078a680000)
  from space 11776K, 99% used [0x000000078c080000,0x000000078cbe6bc8,0x000000078cc00000)
  to   space 15360K, 0% used [0x000000078ae00000,0x000000078ae00000,0x000000078bd00000)
 ParOldGen       total 127488K, used 18343K [0x0000000701400000, 0x0000000709080000, 0x0000000780700000)
  object space 127488K, 14% used [0x0000000701400000,0x00000007025e9f90,0x0000000709080000)
 Metaspace       used 44385K, capacity 46118K, committed 46592K, reserved 1089536K
  class space    used 6171K, capacity 6538K, committed 6656K, reserved 1048576K
}

Deoptimization events (0 events):
No events

Internal exceptions (10 events):
Event: 24.431 Thread 0x000000001dd6d000 Exception <a 'java/lang/ArrayIndexOutOfBoundsException'> (0x00000007896949d8) thrown at [C:\re\workspace\8-2-build-windows-amd64-cygwin\jdk8u51\3951\hotspot\src\share\vm\runtime\sharedRuntime.cpp, line 605]
Event: 24.431 Thread 0x000000001dd6d000 Exception <a 'java/lang/ArrayIndexOutOfBoundsException'> (0x0000000789697668) thrown at [C:\re\workspace\8-2-build-windows-amd64-cygwin\jdk8u51\3951\hotspot\src\share\vm\runtime\sharedRuntime.cpp, line 605]
Event: 24.454 Thread 0x000000001dd6d000 Exception <a 'java/lang/ClassNotFoundException': java/lang/ObjectCustomizer> (0x0000000789725a80) thrown at [C:\re\workspace\8-2-build-windows-amd64-cygwin\jdk8u51\3951\hotspot\src\share\vm\classfile\systemDictionary.cpp, line 210]
Event: 24.456 Thread 0x000000001dd6d000 Exception <a 'java/lang/ClassNotFoundException': com/yatindra/demo/dto/UserDTOCustomizer> (0x000000078973b428) thrown at [C:\re\workspace\8-2-build-windows-amd64-cygwin\jdk8u51\3951\hotspot\src\share\vm\classfile\systemDictionary.cpp, line 210]
Event: 24.467 Thread 0x000000001dd6d000 Exception <a 'java/lang/ArrayIndexOutOfBoundsException'> (0x0000000789773c48) thrown at [C:\re\workspace\8-2-build-windows-amd64-cygwin\jdk8u51\3951\hotspot\src\share\vm\runtime\sharedRuntime.cpp, line 605]
Event: 64.377 Thread 0x000000001dd6d000 Exception <a 'java/lang/ArrayIndexOutOfBoundsException'> (0x00000007898fc210) thrown at [C:\re\workspace\8-2-build-windows-amd64-cygwin\jdk8u51\3951\hotspot\src\share\vm\runtime\sharedRuntime.cpp, line 605]
Event: 64.390 Thread 0x000000001dd6d000 Exception <a 'java/lang/ArrayIndexOutOfBoundsException'> (0x000000078992a920) thrown at [C:\re\workspace\8-2-build-windows-amd64-cygwin\jdk8u51\3951\hotspot\src\share\vm\runtime\sharedRuntime.cpp, line 605]
Event: 64.430 Thread 0x000000001dd6d000 Exception <a 'java/lang/ArrayIndexOutOfBoundsException'> (0x0000000789b46740) thrown at [C:\re\workspace\8-2-build-windows-amd64-cygwin\jdk8u51\3951\hotspot\src\share\vm\runtime\sharedRuntime.cpp, line 605]
Event: 64.432 Thread 0x000000001dd6d000 Exception <a 'java/lang/ArrayIndexOutOfBoundsException'> (0x0000000789b48090) thrown at [C:\re\workspace\8-2-build-windows-amd64-cygwin\jdk8u51\3951\hotspot\src\share\vm\runtime\sharedRuntime.cpp, line 605]
Event: 64.493 Thread 0x000000001dd6d000 Exception <a 'java/lang/ArrayIndexOutOfBoundsException'> (0x0000000789c0e408) thrown at [C:\re\workspace\8-2-build-windows-amd64-cygwin\jdk8u51\3951\hotspot\src\share\vm\runtime\sharedRuntime.cpp, line 605]

Events (10 events):
Event: 429.770 Thread 0x0000000019d2c800 flushing nmethod 0x0000000003304b50
Event: 429.772 Thread 0x0000000019d2c800 flushing nmethod 0x00000000033b0ad0
Event: 429.773 Thread 0x0000000019d2c800 flushing nmethod 0x0000000003408590
Event: 429.773 Thread 0x0000000019d2c800 flushing nmethod 0x000000000340ad50
Event: 429.773 Thread 0x0000000019d2c800 flushing nmethod 0x0000000003411290
Event: 436.902 Thread 0x0000000019d2c800 flushing nmethod 0x000000000341eb90
Event: 436.902 Thread 0x0000000019d2c800 flushing nmethod 0x000000000341fc90
Event: 436.902 Thread 0x0000000019d2c800 flushing nmethod 0x000000000344b910
Event: 452.836 Executing VM operation: RedefineClasses
Event: 452.912 Executing VM operation: RedefineClasses done


Dynamic libraries:
0x00007ff76d490000 - 0x00007ff76d4c7000 	C:\Program Files\Java\jre1.8.0_51\bin\javaw.exe
0x00007ff9cbad0000 - 0x00007ff9cbc7c000 	C:\WINDOWS\SYSTEM32\ntdll.dll
0x00007ff9c9150000 - 0x00007ff9c928e000 	C:\WINDOWS\system32\KERNEL32.DLL
0x00007ff9c9030000 - 0x00007ff9c9145000 	C:\WINDOWS\system32\KERNELBASE.dll
0x00007ff9c7510000 - 0x00007ff9c759e000 	C:\WINDOWS\system32\apphelp.dll
0x00007ff9b1fe0000 - 0x00007ff9b2033000 	C:\WINDOWS\AppPatch\AppPatch64\AcGenral.DLL
0x00007ff9c98f0000 - 0x00007ff9c999a000 	C:\WINDOWS\system32\msvcrt.dll
0x00007ff9c8a50000 - 0x00007ff9c8a7e000 	C:\WINDOWS\SYSTEM32\SspiCli.dll
0x00007ff9c99c0000 - 0x00007ff9c9a14000 	C:\WINDOWS\system32\SHLWAPI.dll
0x00007ff9c9770000 - 0x00007ff9c98e7000 	C:\WINDOWS\system32\USER32.dll
0x00007ff9c9300000 - 0x00007ff9c9494000 	C:\WINDOWS\system32\ole32.dll
0x00007ff9c9a40000 - 0x00007ff9caf59000 	C:\WINDOWS\system32\SHELL32.dll
0x00007ff9c81c0000 - 0x00007ff9c81e1000 	C:\WINDOWS\SYSTEM32\USERENV.dll
0x00007ff9cb7b0000 - 0x00007ff9cb85a000 	C:\WINDOWS\system32\ADVAPI32.dll
0x00007ff9bb050000 - 0x00007ff9bb06e000 	C:\WINDOWS\SYSTEM32\MPR.dll
0x00007ff9c9620000 - 0x00007ff9c9761000 	C:\WINDOWS\system32\RPCRT4.dll
0x00007ff9caf60000 - 0x00007ff9cafb9000 	C:\WINDOWS\SYSTEM32\sechost.dll
0x00007ff9cb8b0000 - 0x00007ff9cbac1000 	C:\WINDOWS\SYSTEM32\combase.dll
0x00007ff9cb1d0000 - 0x00007ff9cb321000 	C:\WINDOWS\system32\GDI32.dll
0x00007ff9c8c20000 - 0x00007ff9c8c35000 	C:\WINDOWS\SYSTEM32\profapi.dll
0x00007ff9c6fc0000 - 0x00007ff9c7072000 	C:\WINDOWS\SYSTEM32\SHCORE.dll
0x00007ff9cb860000 - 0x00007ff9cb896000 	C:\WINDOWS\system32\IMM32.DLL
0x00007ff9cb5f0000 - 0x00007ff9cb743000 	C:\WINDOWS\system32\MSCTF.dll
0x00007ff9c68e0000 - 0x00007ff9c6b5b000 	C:\WINDOWS\WinSxS\amd64_microsoft.windows.common-controls_6595b64144ccf1df_6.0.9600.17415_none_6240486fecbd8abb\COMCTL32.dll
0x0000000067e30000 - 0x0000000067f02000 	C:\Program Files\Java\jre1.8.0_51\bin\msvcr100.dll
0x0000000068940000 - 0x00000000691c3000 	C:\Program Files\Java\jre1.8.0_51\bin\server\jvm.dll
0x00007ff9bdab0000 - 0x00007ff9bdab9000 	C:\WINDOWS\SYSTEM32\WSOCK32.dll
0x00007ff9c4840000 - 0x00007ff9c4862000 	C:\WINDOWS\SYSTEM32\WINMM.dll
0x00007ff9c2b30000 - 0x00007ff9c2b3a000 	C:\WINDOWS\SYSTEM32\VERSION.dll
0x00007ff9c9a30000 - 0x00007ff9c9a37000 	C:\WINDOWS\system32\PSAPI.DLL
0x00007ff9cb750000 - 0x00007ff9cb7aa000 	C:\WINDOWS\system32\WS2_32.dll
0x00007ff9c3d00000 - 0x00007ff9c3d2a000 	C:\WINDOWS\SYSTEM32\WINMMBASE.dll
0x00007ff9c9a20000 - 0x00007ff9c9a29000 	C:\WINDOWS\system32\NSI.dll
0x00007ff9c8fe0000 - 0x00007ff9c902f000 	C:\WINDOWS\SYSTEM32\cfgmgr32.dll
0x00007ff9c7a20000 - 0x00007ff9c7a48000 	C:\WINDOWS\SYSTEM32\DEVOBJ.dll
0x00000000693c0000 - 0x00000000693cf000 	C:\Program Files\Java\jre1.8.0_51\bin\verify.dll
0x0000000069390000 - 0x00000000693b9000 	C:\Program Files\Java\jre1.8.0_51\bin\java.dll
0x0000000067de0000 - 0x0000000067e15000 	C:\Program Files\Java\jre1.8.0_51\bin\jdwp.dll
0x0000000067dd0000 - 0x0000000067dd8000 	C:\Program Files\Java\jre1.8.0_51\bin\npt.dll
0x0000000069340000 - 0x0000000069356000 	C:\Program Files\Java\jre1.8.0_51\bin\zip.dll
0x0000000067dc0000 - 0x0000000067dc9000 	C:\Program Files\Java\jre1.8.0_51\bin\dt_socket.dll
0x00007ff9901b0000 - 0x00007ff9901c5000 	C:\WINDOWS\system32\napinsp.dll
0x00007ff9b0000000 - 0x00007ff9b001a000 	C:\WINDOWS\system32\pnrpnsp.dll
0x00007ff9c64a0000 - 0x00007ff9c64bb000 	C:\WINDOWS\system32\NLAapi.dll
0x00007ff9c8430000 - 0x00007ff9c8489000 	C:\WINDOWS\System32\mswsock.dll
0x00007ff9c8230000 - 0x00007ff9c82d4000 	C:\WINDOWS\SYSTEM32\DNSAPI.dll
0x00007ff9bc070000 - 0x00007ff9bc07d000 	C:\WINDOWS\System32\winrnr.dll
0x00007ff9a85b0000 - 0x00007ff9a85c4000 	C:\WINDOWS\system32\wshbth.dll
0x00007ff9c34d0000 - 0x00007ff9c353b000 	C:\WINDOWS\System32\fwpuclnt.dll
0x00007ff9c2ab0000 - 0x00007ff9c2aba000 	C:\Windows\System32\rasadhlp.dll
0x00000000692c0000 - 0x00000000692cd000 	C:\Program Files\Java\jre1.8.0_51\bin\management.dll
0x0000000069320000 - 0x000000006933a000 	C:\Program Files\Java\jre1.8.0_51\bin\net.dll
0x0000000069300000 - 0x0000000069311000 	C:\Program Files\Java\jre1.8.0_51\bin\nio.dll
0x00007ff9c4a00000 - 0x00007ff9c4a2a000 	C:\WINDOWS\SYSTEM32\IPHLPAPI.DLL
0x00007ff9c3cf0000 - 0x00007ff9c3cfa000 	C:\WINDOWS\SYSTEM32\WINNSI.DLL
0x00007ff9c8490000 - 0x00007ff9c84b0000 	C:\WINDOWS\SYSTEM32\CRYPTSP.dll
0x00007ff9c80b0000 - 0x00007ff9c80e6000 	C:\WINDOWS\system32\rsaenh.dll
0x00007ff9c86e0000 - 0x00007ff9c8706000 	C:\WINDOWS\SYSTEM32\bcrypt.dll
0x00007ff9c8a80000 - 0x00007ff9c8ae3000 	C:\WINDOWS\system32\bcryptprimitives.dll
0x00007ff9c8af0000 - 0x00007ff9c8afb000 	C:\WINDOWS\SYSTEM32\CRYPTBASE.dll
0x00007ff9c3480000 - 0x00007ff9c3496000 	C:\WINDOWS\SYSTEM32\dhcpcsvc6.DLL
0x00007ff9c34b0000 - 0x00007ff9c34ca000 	C:\WINDOWS\SYSTEM32\dhcpcsvc.DLL
0x00007ff9b7300000 - 0x00007ff9b748a000 	C:\WINDOWS\SYSTEM32\dbghelp.dll

VM Arguments:
jvm_args: -agentlib:jdwp=transport=dt_socket,suspend=y,address=localhost:53228 -Dcom.sun.management.jmxremote -Dcom.sun.management.jmxremote.port=53227 -Dcom.sun.management.jmxremote.authenticate=false -Dcom.sun.management.jmxremote.ssl=false -Djava.rmi.server.hostname=localhost -Dspring.jmx.enabled=true -Dspring.application.admin.enabled=true -Xverify:none -XX:TieredStopAtLevel=1 -Dfile.encoding=UTF-8 
java_command: com.yatindra.demo.AllImplemetationApplication --spring.output.ansi.enabled=always
java_class_path (initial): C:\Users\mohinwaghulde\Music\temp_workspace\all_implemetation\target\classes;C:\Users\mohinwaghulde\.m2\repository\org\springframework\boot\spring-boot-starter-web\2.1.6.RELEASE\spring-boot-starter-web-2.1.6.RELEASE.jar;C:\Users\mohinwaghulde\.m2\repository\org\springframework\boot\spring-boot-starter\2.1.6.RELEASE\spring-boot-starter-2.1.6.RELEASE.jar;C:\Users\mohinwaghulde\.m2\repository\org\springframework\boot\spring-boot\2.1.6.RELEASE\spring-boot-2.1.6.RELEASE.jar;C:\Users\mohinwaghulde\.m2\repository\org\springframework\boot\spring-boot-autoconfigure\2.1.6.RELEASE\spring-boot-autoconfigure-2.1.6.RELEASE.jar;C:\Users\mohinwaghulde\.m2\repository\org\springframework\boot\spring-boot-starter-logging\2.1.6.RELEASE\spring-boot-starter-logging-2.1.6.RELEASE.jar;C:\Users\mohinwaghulde\.m2\repository\ch\qos\logback\logback-classic\1.2.3\logback-classic-1.2.3.jar;C:\Users\mohinwaghulde\.m2\repository\ch\qos\logback\logback-core\1.2.3\logback-core-1.2.3.jar;C:\Users\mohinwaghulde\.m2\repository\org\apache\logging\log4j\log4j-to-slf4j\2.11.2\log4j-to-slf4j-2.11.2.jar;C:\Users\mohinwaghulde\.m2\repository\org\apache\logging\log4j\log4j-api\2.11.2\log4j-api-2.11.2.jar;C:\Users\mohinwaghulde\.m2\repository\org\slf4j\jul-to-slf4j\1.7.26\jul-to-slf4j-1.7.26.jar;C:\Users\mohinwaghulde\.m2\repository\javax\annotation\javax.annotation-api\1.3.2\javax.annotation-api-1.3.2.jar;C:\Users\mohinwaghulde\.m2\repository\org\yaml\snakeyaml\1.23\snakeyaml-1.23.jar;C:\Users\mohinwaghulde\.m2\repository\org\springframework\boot\spring-boot-starter-json\2.1.6.RELEASE\spring-boot-starter-json-2.1.6.RELEASE.jar;C:\Users\mohinwaghulde\.m2\repository\com\fasterxml\jackson\core\jackson-databind\2.9.9\jackson-databind-2.9.9.jar;C:\Users\mohinwaghulde\.m2\repository\com\fasterxml\jackson\core\jackson-core\2.9.9\jackson-core-2.9.9.jar;C:\Users\mohinwaghulde\.m2\repository\com\fasterxml\jackson\datatype\jackson-datatype-jdk8\2.9.9\jackson-datatype-jdk8-2.9.9.jar;C:\Users\
Launcher Type: SUN_STANDARD

Environment Variables:
JAVA_HOME=C:\Program Files\Java\jdk1.8.0_51
PATH=C:/Program Files/Java/jre1.8.0_51/bin/server;C:/Program Files/Java/jre1.8.0_51/bin;C:/Program Files/Java/jre1.8.0_51/lib/amd64;C:\ProgramData\Oracle\Java\javapath;C:\Program Files (x86)\Lenovo\FusionEngine;C:\Program Files (x86)\Intel\iCLS Client\;C:\Program Files\Intel\iCLS Client\;C:\WINDOWS\system32;C:\WINDOWS;C:\WINDOWS\System32\Wbem;C:\WINDOWS\System32\WindowsPowerShell\v1.0\;C:\Program Files (x86)\ATI Technologies\ATI.ACE\Core-Static;C:\Program Files\Intel\Intel(R) Management Engine Components\DAL;C:\Program Files (x86)\Intel\Intel(R) Management Engine Components\DAL;C:\Program Files\Intel\Intel(R) Management Engine Components\IPT;C:\Program Files (x86)\Intel\Intel(R) Management Engine Components\IPT;C:\Program Files\Lenovo\Bluetooth Software\;C:\Program Files\Lenovo\Bluetooth Software\syswow64;C:\Program Files (x86)\Common Files\lenovo\easyplussdk\bin;C:\Program Files\Git\cmd;C:\Program Files\Java\jdk1.8.0_51\bin;D:\study\software\apache-maven-3.3.3-bin\apache-maven-3.3.3\bin;D:\study\software\sts-4.2.2.RELEASE;
USERNAME=mohinwaghulde
OS=Windows_NT
PROCESSOR_IDENTIFIER=Intel64 Family 6 Model 61 Stepping 4, GenuineIntel



---------------  S Y S T E M  ---------------

OS: Windows 8.1 , 64 bit Build 9600 (6.3.9600.17415)

CPU:total 4 (2 cores per cpu, 2 threads per core) family 6 model 61 stepping 4, cmov, cx8, fxsr, mmx, sse, sse2, sse3, ssse3, sse4.1, sse4.2, popcnt, avx, avx2, aes, clmul, erms, 3dnowpref, lzcnt, ht, tsc, tscinvbit, bmi1, bmi2, adx

Memory: 4k page, physical 12495952k(6268872k free), swap 14396496k(6634028k free)

vm_info: Java HotSpot(TM) 64-Bit Server VM (25.51-b03) for windows-amd64 JRE (1.8.0_51-b16), built on Jun  8 2015 18:03:07 by "java_re" with MS VC++ 10.0 (VS2010)

time: Sun Oct 06 13:14:07 2019
elapsed time: 454 seconds (0d 0h 7m 34s)

